<?xml version="1.0" encoding="UTF-8"?>
<!-- Generated by org.testng.reporters.JUnitReportReporter -->
<testsuite hostname="Ashwin" name="com.App.ABC" tests="2" failures="0" timestamp="14 Apr 2019 04:32:52 GMT" time="0.015" errors="0">
  <testcase name="T2" time="0.000" classname="com.App.ABC"/>
  <testcase name="T1" time="0.015" classname="com.App.ABC"/>
</testsuite> <!-- com.App.ABC -->
