<?xml version="1.0" encoding="UTF-8"?>
<!-- Generated by org.testng.reporters.JUnitReportReporter -->
<testsuite hostname="Ashwin" name="com.App.PQR" tests="2" failures="0" timestamp="14 Apr 2019 04:32:52 GMT" time="0.015" errors="0">
  <testcase name="P1" time="0.015" classname="com.App.PQR"/>
  <testcase name="P2" time="0.000" classname="com.App.PQR"/>
</testsuite> <!-- com.App.PQR -->
